<?xml version="1.0" encoding="UTF-8"?>
<testsuites name="CAS Report" time="144.251" tests="7" failures="0" errors="0">
   <testsuite name="CAS Report" tests="7" failures="0" errors="0" time="144.251" skipped="0" timestamp="2023-07-05 10:01:08" hostname="j.rili - cmit-jrili.cmit.cardmri.local" id="Test Suites/CAS Report">
      <properties>
         <property name="deviceName" value=""/>
         <property name="devicePlatform" value=""/>
         <property name="logFolder" value="C:\\Users\\j.rili\\Katalon Studio\\CAS_NGO\\CAS-NGO\\Reports\\20230705_100106\\CAS Report\\20230705_100106"/>
         <property name="logFiles" value="C:\\Users\\j.rili\\Katalon Studio\\CAS_NGO\\CAS-NGO\\Reports\\20230705_100106\\CAS Report\\20230705_100106\\execution0.log"/>
         <property name="attachments" value="C:\\Users\\j.rili\\Katalon Studio\\CAS_NGO\\CAS-NGO\\Reports\\20230705_100106\\CAS Report\\20230705_100106\\1688522506757.png, C:\\Users\\j.rili\\Katalon Studio\\CAS_NGO\\CAS-NGO\\Reports\\20230705_100106\\CAS Report\\20230705_100106\\1688522507893.png, C:\\Users\\j.rili\\Katalon Studio\\CAS_NGO\\CAS-NGO\\Reports\\20230705_100106\\CAS Report\\20230705_100106\\1688522526760.png, C:\\Users\\j.rili\\Katalon Studio\\CAS_NGO\\CAS-NGO\\Reports\\20230705_100106\\CAS Report\\20230705_100106\\1688522527758.png, C:\\Users\\j.rili\\Katalon Studio\\CAS_NGO\\CAS-NGO\\Reports\\20230705_100106\\CAS Report\\20230705_100106\\1688522557867.png, C:\\Users\\j.rili\\Katalon Studio\\CAS_NGO\\CAS-NGO\\Reports\\20230705_100106\\CAS Report\\20230705_100106\\1688522558845.png"/>
         <property name="hostName" value="j.rili - cmit-jrili.cmit.cardmri.local"/>
         <property name="os" value="Windows 10 64bit"/>
         <property name="katalonVersion" value="8.6.5.208"/>
         <property name="browser" value="Chrome 114.0.0.0"/>
         <property name="hostAddress" value="10.200.54.66"/>
         <property name="sessionId" value="a91ebe9248b3a0db721199e952a097af"/>
         <property name="seleniumVersion" value="3.141.59"/>
         <property name="proxyInformation" value="ProxyInformation { proxyOption=NO_PROXY, proxyServerType=HTTP, username=, password=********, proxyServerAddress=, proxyServerPort=0, executionList=&quot;&quot;, isApplyToDesiredCapabilities=true }"/>
         <property name="platform" value="Windows 10"/>
      </properties>
      <testcase name="Test Cases/In and Out/Login" time="5.012" classname="Test Cases/In and Out/Login" status="PASSED">
         <system-out><![CDATA[2023-07-05 10:01:08 - [TEST_CASE][PASSED] - Test Cases/In and Out/Login: Test Cases/In and Out/Login

2023-07-05 10:01:09 - [TEST_STEP][PASSED] - openBrowser(""): Browser is opened with url: ''

2023-07-05 10:01:09 - [MESSAGE][INFO] - Starting 'Chrome' driver

2023-07-05 10:01:09 - [MESSAGE][INFO] - Action delay is set to 0 milliseconds

2023-07-05 10:01:11 - [MESSAGE][PASSED] - Browser is opened with url: ''

2023-07-05 10:01:11 - [TEST_STEP][PASSED] - navigateToUrl("https://castest.cardmri.com:8269/NGOFSReport/index.jsp"): Navigate to 'https://castest.cardmri.com:8269/NGOFSReport/index.jsp' successfully

2023-07-05 10:01:11 - [MESSAGE][PASSED] - Navigate to 'https://castest.cardmri.com:8269/NGOFSReport/index.jsp' successfully

2023-07-05 10:01:11 - [TEST_STEP][PASSED] - maximizeWindow(): Current window maximized

2023-07-05 10:01:12 - [MESSAGE][PASSED] - Current window maximized

2023-07-05 10:01:12 - [TEST_STEP][PASSED] - setText(findTestObject("Object Repository/Login/Page_CARD, Inc. Computerized Accounting System/input_Please Sign In_userName"), Username): Text 'jcrili' is set on object 'Object Repository/Login/Page_CARD, Inc. Computerized Accounting System/input_Please Sign In_userName'

2023-07-05 10:01:12 - [MESSAGE][PASSED] - Text 'jcrili' is set on object 'Object Repository/Login/Page_CARD, Inc. Computerized Accounting System/input_Please Sign In_userName'

2023-07-05 10:01:12 - [TEST_STEP][PASSED] - setEncryptedText(findTestObject("Object Repository/Login/Page_CARD, Inc. Computerized Accounting System/input_Please Sign In_passWord"), "MHSUC33hkPnBWRnjFBNCPA=="): Text ****** has been set on object 'Object Repository/Login/Page_CARD, Inc. Computerized Accounting System/input_Please Sign In_passWord'

2023-07-05 10:01:13 - [MESSAGE][PASSED] - Text ****** has been set on object 'Object Repository/Login/Page_CARD, Inc. Computerized Accounting System/input_Please Sign In_passWord'

2023-07-05 10:01:13 - [TEST_STEP][PASSED] - click(findTestObject("Object Repository/Login/Page_CARD, Inc. Computerized Accounting System/input_Please Sign In_loginButton")): Object: 'Object Repository/Login/Page_CARD, Inc. Computerized Accounting System/input_Please Sign In_loginButton' is clicked on

2023-07-05 10:01:13 - [MESSAGE][PASSED] - Object: 'Object Repository/Login/Page_CARD, Inc. Computerized Accounting System/input_Please Sign In_loginButton' is clicked on]]></system-out>
         <system-err><![CDATA[]]></system-err>
      </testcase>
      <testcase name="Test Cases/Book of Account/General Ledger" time="26.942" classname="Test Cases/Book of Account/General Ledger" status="PASSED">
         <system-out><![CDATA[2023-07-05 10:01:13 - [TEST_CASE][PASSED] - Test Cases/Book of Account/General Ledger: Test Cases/Book of Account/General Ledger

2023-07-05 10:01:14 - [TEST_STEP][PASSED] - click(findTestObject("Object Repository/General Ledger/Page_CARD, Inc. Computerized Accounting System/a_Reports")): Object: 'Object Repository/General Ledger/Page_CARD, Inc. Computerized Accounting System/a_Reports' is clicked on

2023-07-05 10:01:19 - [MESSAGE][PASSED] - Object: 'Object Repository/General Ledger/Page_CARD, Inc. Computerized Accounting System/a_Reports' is clicked on

2023-07-05 10:01:19 - [TEST_STEP][PASSED] - click(findTestObject("Object Repository/General Ledger/Page_CARD, Inc. Computerized Accounting System/a_Book of Accounts")): Object: 'Object Repository/General Ledger/Page_CARD, Inc. Computerized Accounting System/a_Book of Accounts' is clicked on

2023-07-05 10:01:20 - [MESSAGE][PASSED] - Object: 'Object Repository/General Ledger/Page_CARD, Inc. Computerized Accounting System/a_Book of Accounts' is clicked on

2023-07-05 10:01:20 - [TEST_STEP][PASSED] - click(findTestObject("Object Repository/General Ledger/Page_CARD, Inc. Computerized Accounting System/a_General Ledger")): Object: 'Object Repository/General Ledger/Page_CARD, Inc. Computerized Accounting System/a_General Ledger' is clicked on

2023-07-05 10:01:27 - [MESSAGE][PASSED] - Object: 'Object Repository/General Ledger/Page_CARD, Inc. Computerized Accounting System/a_General Ledger' is clicked on

2023-07-05 10:01:27 - [TEST_STEP][PASSED] - selectOptionByValue(findTestObject("Object Repository/General Ledger/Page_CARD, Inc. Computerized Accounting System/select_---Select Item---Per RegionPer AreaPer Unit"), "2", true): All options with value '2' are selected in object 'Object Repository/General Ledger/Page_CARD, Inc. Computerized Accounting System/select_---Select Item---Per RegionPer AreaPer Unit'  using regular expression

2023-07-05 10:01:28 - [MESSAGE][PASSED] - All options with value '2' are selected in object 'Object Repository/General Ledger/Page_CARD, Inc. Computerized Accounting System/select_---Select Item---Per RegionPer AreaPer Unit'  using regular expression

2023-07-05 10:01:28 - [TEST_STEP][PASSED] - selectOptionByValue(findTestObject("Object Repository/General Ledger/Page_CARD, Inc. Computerized Accounting System/select_---Select Item---Head OfficeLuzon 1L_eb6cd5"), "02", true): All options with value '02' are selected in object 'Object Repository/General Ledger/Page_CARD, Inc. Computerized Accounting System/select_---Select Item---Head OfficeLuzon 1L_eb6cd5'  using regular expression

2023-07-05 10:01:30 - [MESSAGE][PASSED] - All options with value '02' are selected in object 'Object Repository/General Ledger/Page_CARD, Inc. Computerized Accounting System/select_---Select Item---Head OfficeLuzon 1L_eb6cd5'  using regular expression

2023-07-05 10:01:30 - [TEST_STEP][PASSED] - selectOptionByValue(findTestObject("Object Repository/General Ledger/Page_CARD, Inc. Computerized Accounting System/select_---Select Item---La Union 1AbraIloco_046ef5"), "B6", true): All options with value 'B6' are selected in object 'Object Repository/General Ledger/Page_CARD, Inc. Computerized Accounting System/select_---Select Item---La Union 1AbraIloco_046ef5'  using regular expression

2023-07-05 10:01:32 - [MESSAGE][PASSED] - All options with value 'B6' are selected in object 'Object Repository/General Ledger/Page_CARD, Inc. Computerized Accounting System/select_---Select Item---La Union 1AbraIloco_046ef5'  using regular expression

2023-07-05 10:01:32 - [TEST_STEP][PASSED] - click(findTestObject("Object Repository/General Ledger/Page_CARD, Inc. Computerized Accounting System/input_End Date_btnPDF")): Object: 'Object Repository/General Ledger/Page_CARD, Inc. Computerized Accounting System/input_End Date_btnPDF' is clicked on

2023-07-05 10:01:32 - [MESSAGE][PASSED] - Object: 'Object Repository/General Ledger/Page_CARD, Inc. Computerized Accounting System/input_End Date_btnPDF' is clicked on

2023-07-05 10:01:32 - [TEST_STEP][PASSED] - click(findTestObject("Object Repository/General Ledger/Page_CARD, Inc. Computerized Accounting System/h1_General Ledger")): Object: 'Object Repository/General Ledger/Page_CARD, Inc. Computerized Accounting System/h1_General Ledger' is clicked on

2023-07-05 10:01:34 - [MESSAGE][PASSED] - Object: 'Object Repository/General Ledger/Page_CARD, Inc. Computerized Accounting System/h1_General Ledger' is clicked on

2023-07-05 10:01:34 - [TEST_STEP][PASSED] - click(findTestObject("Object Repository/General Ledger/Page_CARD, Inc. Computerized Accounting System/h1_General Ledger")): Object: 'Object Repository/General Ledger/Page_CARD, Inc. Computerized Accounting System/h1_General Ledger' is clicked on

2023-07-05 10:01:36 - [MESSAGE][PASSED] - Object: 'Object Repository/General Ledger/Page_CARD, Inc. Computerized Accounting System/h1_General Ledger' is clicked on

2023-07-05 10:01:36 - [TEST_STEP][PASSED] - click(findTestObject("Object Repository/General Ledger/Page_CARD, Inc. Computerized Accounting System/h1_General Ledger")): Object: 'Object Repository/General Ledger/Page_CARD, Inc. Computerized Accounting System/h1_General Ledger' is clicked on

2023-07-05 10:01:38 - [MESSAGE][PASSED] - Object: 'Object Repository/General Ledger/Page_CARD, Inc. Computerized Accounting System/h1_General Ledger' is clicked on

2023-07-05 10:01:38 - [TEST_STEP][PASSED] - click(findTestObject("Object Repository/General Ledger/Page_CARD, Inc. Computerized Accounting System/a_Welcome  RILI                        Admi_b75451")): Object: 'Object Repository/General Ledger/Page_CARD, Inc. Computerized Accounting System/a_Welcome  RILI                        Admi_b75451' is clicked on

2023-07-05 10:01:40 - [MESSAGE][PASSED] - Object: 'Object Repository/General Ledger/Page_CARD, Inc. Computerized Accounting System/a_Welcome  RILI                        Admi_b75451' is clicked on]]></system-out>
         <system-err><![CDATA[]]></system-err>
      </testcase>
      <testcase name="Test Cases/Book of Account/General Journal" time="13.244" classname="Test Cases/Book of Account/General Journal" status="PASSED">
         <system-out><![CDATA[2023-07-05 10:01:48 - [TEST_CASE][PASSED] - Test Cases/Book of Account/General Journal: Test Cases/Book of Account/General Journal

2023-07-05 10:01:48 - [TEST_STEP][PASSED] - click(findTestObject("Object Repository/General Journal/Page_CARD, Inc. Computerized Accounting System/a_Reports")): Object: 'Object Repository/General Journal/Page_CARD, Inc. Computerized Accounting System/a_Reports' is clicked on

2023-07-05 10:01:48 - [MESSAGE][PASSED] - Object: 'Object Repository/General Journal/Page_CARD, Inc. Computerized Accounting System/a_Reports' is clicked on

2023-07-05 10:01:48 - [TEST_STEP][PASSED] - click(findTestObject("Object Repository/General Journal/Page_CARD, Inc. Computerized Accounting System/a_Book of Accounts")): Object: 'Object Repository/General Journal/Page_CARD, Inc. Computerized Accounting System/a_Book of Accounts' is clicked on

2023-07-05 10:01:48 - [MESSAGE][PASSED] - Object: 'Object Repository/General Journal/Page_CARD, Inc. Computerized Accounting System/a_Book of Accounts' is clicked on

2023-07-05 10:01:48 - [TEST_STEP][PASSED] - click(findTestObject("Object Repository/General Journal/Page_CARD, Inc. Computerized Accounting System/a_General Journal")): Object: 'Object Repository/General Journal/Page_CARD, Inc. Computerized Accounting System/a_General Journal' is clicked on

2023-07-05 10:01:56 - [MESSAGE][PASSED] - Object: 'Object Repository/General Journal/Page_CARD, Inc. Computerized Accounting System/a_General Journal' is clicked on

2023-07-05 10:01:56 - [TEST_STEP][PASSED] - selectOptionByValue(findTestObject("Object Repository/General Journal/Page_CARD, Inc. Computerized Accounting System/select_---Select Item---Per RegionPer AreaPer Unit"), "2", true): All options with value '2' are selected in object 'Object Repository/General Journal/Page_CARD, Inc. Computerized Accounting System/select_---Select Item---Per RegionPer AreaPer Unit'  using regular expression

2023-07-05 10:01:57 - [MESSAGE][PASSED] - All options with value '2' are selected in object 'Object Repository/General Journal/Page_CARD, Inc. Computerized Accounting System/select_---Select Item---Per RegionPer AreaPer Unit'  using regular expression

2023-07-05 10:01:57 - [TEST_STEP][PASSED] - selectOptionByValue(findTestObject("Object Repository/General Journal/Page_CARD, Inc. Computerized Accounting System/select_---Select Item---Head OfficeLuzon 1L_eb6cd5"), "02", true): All options with value '02' are selected in object 'Object Repository/General Journal/Page_CARD, Inc. Computerized Accounting System/select_---Select Item---Head OfficeLuzon 1L_eb6cd5'  using regular expression

2023-07-05 10:01:59 - [MESSAGE][PASSED] - All options with value '02' are selected in object 'Object Repository/General Journal/Page_CARD, Inc. Computerized Accounting System/select_---Select Item---Head OfficeLuzon 1L_eb6cd5'  using regular expression

2023-07-05 10:01:59 - [TEST_STEP][PASSED] - selectOptionByValue(findTestObject("Object Repository/General Journal/Page_CARD, Inc. Computerized Accounting System/select_---Select Item---La Union 1AbraIloco_046ef5"), "B6", true): All options with value 'B6' are selected in object 'Object Repository/General Journal/Page_CARD, Inc. Computerized Accounting System/select_---Select Item---La Union 1AbraIloco_046ef5'  using regular expression

2023-07-05 10:02:00 - [MESSAGE][PASSED] - All options with value 'B6' are selected in object 'Object Repository/General Journal/Page_CARD, Inc. Computerized Accounting System/select_---Select Item---La Union 1AbraIloco_046ef5'  using regular expression

2023-07-05 10:02:00 - [TEST_STEP][PASSED] - click(findTestObject("Object Repository/General Journal/Page_CARD, Inc. Computerized Accounting System/input_End Date_btnPDF_GJournal")): Object: 'Object Repository/General Journal/Page_CARD, Inc. Computerized Accounting System/input_End Date_btnPDF_GJournal' is clicked on

2023-07-05 10:02:01 - [MESSAGE][PASSED] - Object: 'Object Repository/General Journal/Page_CARD, Inc. Computerized Accounting System/input_End Date_btnPDF_GJournal' is clicked on

2023-07-05 10:02:01 - [TEST_STEP][PASSED] - click(findTestObject("Object Repository/General Journal/Page_CARD, Inc. Computerized Accounting System/input_End Date_btnPDF_GJournal")): Object: 'Object Repository/General Journal/Page_CARD, Inc. Computerized Accounting System/input_End Date_btnPDF_GJournal' is clicked on

2023-07-05 10:02:01 - [MESSAGE][PASSED] - Object: 'Object Repository/General Journal/Page_CARD, Inc. Computerized Accounting System/input_End Date_btnPDF_GJournal' is clicked on]]></system-out>
         <system-err><![CDATA[]]></system-err>
      </testcase>
      <testcase name="Test Cases/Book of Account/Cash Receipt" time="25.323" classname="Test Cases/Book of Account/Cash Receipt" status="PASSED">
         <system-out><![CDATA[2023-07-05 10:02:07 - [TEST_CASE][PASSED] - Test Cases/Book of Account/Cash Receipt: Test Cases/Book of Account/Cash Receipt

2023-07-05 10:02:07 - [TEST_STEP][PASSED] - click(findTestObject("Object Repository/Cash Receipt/Page_CARD, Inc. Computerized Accounting System/a_Reports")): Object: 'Object Repository/Cash Receipt/Page_CARD, Inc. Computerized Accounting System/a_Reports' is clicked on

2023-07-05 10:02:08 - [MESSAGE][PASSED] - Object: 'Object Repository/Cash Receipt/Page_CARD, Inc. Computerized Accounting System/a_Reports' is clicked on

2023-07-05 10:02:08 - [TEST_STEP][PASSED] - click(findTestObject("Object Repository/Cash Receipt/Page_CARD, Inc. Computerized Accounting System/a_Book of Accounts")): Object: 'Object Repository/Cash Receipt/Page_CARD, Inc. Computerized Accounting System/a_Book of Accounts' is clicked on

2023-07-05 10:02:08 - [MESSAGE][PASSED] - Object: 'Object Repository/Cash Receipt/Page_CARD, Inc. Computerized Accounting System/a_Book of Accounts' is clicked on

2023-07-05 10:02:08 - [TEST_STEP][PASSED] - click(findTestObject("Object Repository/Cash Receipt/Page_CARD, Inc. Computerized Accounting System/a_Cash Receipts")): Object: 'Object Repository/Cash Receipt/Page_CARD, Inc. Computerized Accounting System/a_Cash Receipts' is clicked on

2023-07-05 10:02:15 - [MESSAGE][PASSED] - Object: 'Object Repository/Cash Receipt/Page_CARD, Inc. Computerized Accounting System/a_Cash Receipts' is clicked on

2023-07-05 10:02:15 - [TEST_STEP][PASSED] - selectOptionByValue(findTestObject("Object Repository/Cash Receipt/Page_CARD, Inc. Computerized Accounting System/select_---Select Item---Per RegionPer AreaPer Unit"), "2", true): All options with value '2' are selected in object 'Object Repository/Cash Receipt/Page_CARD, Inc. Computerized Accounting System/select_---Select Item---Per RegionPer AreaPer Unit'  using regular expression

2023-07-05 10:02:16 - [MESSAGE][PASSED] - All options with value '2' are selected in object 'Object Repository/Cash Receipt/Page_CARD, Inc. Computerized Accounting System/select_---Select Item---Per RegionPer AreaPer Unit'  using regular expression

2023-07-05 10:02:16 - [TEST_STEP][PASSED] - selectOptionByValue(findTestObject("Object Repository/Cash Receipt/Page_CARD, Inc. Computerized Accounting System/select_---Select Item---Head OfficeLuzon 1L_eb6cd5"), "02", true): All options with value '02' are selected in object 'Object Repository/Cash Receipt/Page_CARD, Inc. Computerized Accounting System/select_---Select Item---Head OfficeLuzon 1L_eb6cd5'  using regular expression

2023-07-05 10:02:18 - [MESSAGE][PASSED] - All options with value '02' are selected in object 'Object Repository/Cash Receipt/Page_CARD, Inc. Computerized Accounting System/select_---Select Item---Head OfficeLuzon 1L_eb6cd5'  using regular expression

2023-07-05 10:02:18 - [TEST_STEP][PASSED] - selectOptionByValue(findTestObject("Object Repository/Cash Receipt/Page_CARD, Inc. Computerized Accounting System/select_---Select Item---La Union 1AbraIloco_046ef5"), "B6", true): All options with value 'B6' are selected in object 'Object Repository/Cash Receipt/Page_CARD, Inc. Computerized Accounting System/select_---Select Item---La Union 1AbraIloco_046ef5'  using regular expression

2023-07-05 10:02:19 - [MESSAGE][PASSED] - All options with value 'B6' are selected in object 'Object Repository/Cash Receipt/Page_CARD, Inc. Computerized Accounting System/select_---Select Item---La Union 1AbraIloco_046ef5'  using regular expression

2023-07-05 10:02:19 - [TEST_STEP][PASSED] - delay(3): Delayed 3 second(s)

2023-07-05 10:02:22 - [MESSAGE][PASSED] - Delayed 3 second(s)

2023-07-05 10:02:22 - [TEST_STEP][PASSED] - click(findTestObject("Object Repository/Cash Receipt/Page_CARD, Inc. Computerized Accounting System/input_End Date_btnPDFCR")): Object: 'Object Repository/Cash Receipt/Page_CARD, Inc. Computerized Accounting System/input_End Date_btnPDFCR' is clicked on

2023-07-05 10:02:23 - [MESSAGE][PASSED] - Object: 'Object Repository/Cash Receipt/Page_CARD, Inc. Computerized Accounting System/input_End Date_btnPDFCR' is clicked on

2023-07-05 10:02:23 - [TEST_STEP][PASSED] - delay(10): Delayed 10 second(s)

2023-07-05 10:02:33 - [MESSAGE][PASSED] - Delayed 10 second(s)]]></system-out>
         <system-err><![CDATA[]]></system-err>
      </testcase>
      <testcase name="Test Cases/Book of Account/Cash Disbursement" time="12.547" classname="Test Cases/Book of Account/Cash Disbursement" status="PASSED">
         <system-out><![CDATA[2023-07-05 10:02:38 - [TEST_CASE][PASSED] - Test Cases/Book of Account/Cash Disbursement: Test Cases/Book of Account/Cash Disbursement

2023-07-05 10:02:38 - [TEST_STEP][PASSED] - click(findTestObject("Object Repository/Cash Disbursement/Page_CARD, Inc. Computerized Accounting System/a_Reports")): Object: 'Object Repository/Cash Disbursement/Page_CARD, Inc. Computerized Accounting System/a_Reports' is clicked on

2023-07-05 10:02:39 - [MESSAGE][PASSED] - Object: 'Object Repository/Cash Disbursement/Page_CARD, Inc. Computerized Accounting System/a_Reports' is clicked on

2023-07-05 10:02:39 - [TEST_STEP][PASSED] - click(findTestObject("Object Repository/Cash Disbursement/Page_CARD, Inc. Computerized Accounting System/a_Book of Accounts")): Object: 'Object Repository/Cash Disbursement/Page_CARD, Inc. Computerized Accounting System/a_Book of Accounts' is clicked on

2023-07-05 10:02:39 - [MESSAGE][PASSED] - Object: 'Object Repository/Cash Disbursement/Page_CARD, Inc. Computerized Accounting System/a_Book of Accounts' is clicked on

2023-07-05 10:02:39 - [TEST_STEP][PASSED] - click(findTestObject("Object Repository/Cash Disbursement/Page_CARD, Inc. Computerized Accounting System/a_Cash Disbursement")): Object: 'Object Repository/Cash Disbursement/Page_CARD, Inc. Computerized Accounting System/a_Cash Disbursement' is clicked on

2023-07-05 10:02:46 - [MESSAGE][PASSED] - Object: 'Object Repository/Cash Disbursement/Page_CARD, Inc. Computerized Accounting System/a_Cash Disbursement' is clicked on

2023-07-05 10:02:46 - [TEST_STEP][PASSED] - selectOptionByValue(findTestObject("Object Repository/Cash Disbursement/Page_CARD, Inc. Computerized Accounting System/select_---Select Item---Per RegionPer AreaPer Unit"), "2", true): All options with value '2' are selected in object 'Object Repository/Cash Disbursement/Page_CARD, Inc. Computerized Accounting System/select_---Select Item---Per RegionPer AreaPer Unit'  using regular expression

2023-07-05 10:02:47 - [MESSAGE][PASSED] - All options with value '2' are selected in object 'Object Repository/Cash Disbursement/Page_CARD, Inc. Computerized Accounting System/select_---Select Item---Per RegionPer AreaPer Unit'  using regular expression

2023-07-05 10:02:47 - [TEST_STEP][PASSED] - selectOptionByValue(findTestObject("Object Repository/Cash Disbursement/Page_CARD, Inc. Computerized Accounting System/select_---Select Item---Head OfficeLuzon 1L_eb6cd5"), "02", true): All options with value '02' are selected in object 'Object Repository/Cash Disbursement/Page_CARD, Inc. Computerized Accounting System/select_---Select Item---Head OfficeLuzon 1L_eb6cd5'  using regular expression

2023-07-05 10:02:49 - [MESSAGE][PASSED] - All options with value '02' are selected in object 'Object Repository/Cash Disbursement/Page_CARD, Inc. Computerized Accounting System/select_---Select Item---Head OfficeLuzon 1L_eb6cd5'  using regular expression

2023-07-05 10:02:49 - [TEST_STEP][PASSED] - selectOptionByValue(findTestObject("Object Repository/Cash Disbursement/Page_CARD, Inc. Computerized Accounting System/select_---Select Item---La Union 1AbraIloco_046ef5"), "B6", true): All options with value 'B6' are selected in object 'Object Repository/Cash Disbursement/Page_CARD, Inc. Computerized Accounting System/select_---Select Item---La Union 1AbraIloco_046ef5'  using regular expression

2023-07-05 10:02:51 - [MESSAGE][PASSED] - All options with value 'B6' are selected in object 'Object Repository/Cash Disbursement/Page_CARD, Inc. Computerized Accounting System/select_---Select Item---La Union 1AbraIloco_046ef5'  using regular expression

2023-07-05 10:02:51 - [TEST_STEP][PASSED] - click(findTestObject("Object Repository/Cash Disbursement/Page_CARD, Inc. Computerized Accounting System/input_End Date_btnPDFCD")): Object: 'Object Repository/Cash Disbursement/Page_CARD, Inc. Computerized Accounting System/input_End Date_btnPDFCD' is clicked on

2023-07-05 10:02:51 - [MESSAGE][PASSED] - Object: 'Object Repository/Cash Disbursement/Page_CARD, Inc. Computerized Accounting System/input_End Date_btnPDFCD' is clicked on]]></system-out>
         <system-err><![CDATA[]]></system-err>
      </testcase>
      <testcase name="Test Cases/Book of Account/OR Summary" time="38.18" classname="Test Cases/Book of Account/OR Summary" status="PASSED">
         <system-out><![CDATA[2023-07-05 10:02:51 - [TEST_CASE][PASSED] - Test Cases/Book of Account/OR Summary: Test Cases/Book of Account/OR Summary

2023-07-05 10:02:51 - [TEST_STEP][PASSED] - click(findTestObject("Object Repository/OR Summary/Page_CARD, Inc. Computerized Accounting System/a_Reports")): Object: 'Object Repository/OR Summary/Page_CARD, Inc. Computerized Accounting System/a_Reports' is clicked on

2023-07-05 10:02:52 - [MESSAGE][PASSED] - Object: 'Object Repository/OR Summary/Page_CARD, Inc. Computerized Accounting System/a_Reports' is clicked on

2023-07-05 10:02:52 - [TEST_STEP][PASSED] - click(findTestObject("Object Repository/OR Summary/Page_CARD, Inc. Computerized Accounting System/a_Other Reports")): Object: 'Object Repository/OR Summary/Page_CARD, Inc. Computerized Accounting System/a_Other Reports' is clicked on

2023-07-05 10:02:53 - [MESSAGE][PASSED] - Object: 'Object Repository/OR Summary/Page_CARD, Inc. Computerized Accounting System/a_Other Reports' is clicked on

2023-07-05 10:02:53 - [TEST_STEP][PASSED] - click(findTestObject("Object Repository/OR Summary/Page_CARD, Inc. Computerized Accounting System/a_Book of Accounts")): Object: 'Object Repository/OR Summary/Page_CARD, Inc. Computerized Accounting System/a_Book of Accounts' is clicked on

2023-07-05 10:02:55 - [MESSAGE][PASSED] - Object: 'Object Repository/OR Summary/Page_CARD, Inc. Computerized Accounting System/a_Book of Accounts' is clicked on

2023-07-05 10:02:55 - [TEST_STEP][PASSED] - click(findTestObject("Object Repository/OR Summary/Page_CARD, Inc. Computerized Accounting System/a_OR Summary")): Object: 'Object Repository/OR Summary/Page_CARD, Inc. Computerized Accounting System/a_OR Summary' is clicked on

2023-07-05 10:03:05 - [MESSAGE][PASSED] - Object: 'Object Repository/OR Summary/Page_CARD, Inc. Computerized Accounting System/a_OR Summary' is clicked on

2023-07-05 10:03:05 - [TEST_STEP][PASSED] - selectOptionByValue(findTestObject("Object Repository/OR Summary/Page_CARD, Inc. Computerized Accounting System/select_---Select Item---Head OfficeLuzon 1L_eb6cd5"), "99", true): All options with value '99' are selected in object 'Object Repository/OR Summary/Page_CARD, Inc. Computerized Accounting System/select_---Select Item---Head OfficeLuzon 1L_eb6cd5'  using regular expression

2023-07-05 10:03:12 - [MESSAGE][PASSED] - All options with value '99' are selected in object 'Object Repository/OR Summary/Page_CARD, Inc. Computerized Accounting System/select_---Select Item---Head OfficeLuzon 1L_eb6cd5'  using regular expression

2023-07-05 10:03:12 - [TEST_STEP][PASSED] - selectOptionByValue(findTestObject("Object Repository/OR Summary/Page_CARD, Inc. Computerized Accounting System/select_---Select Item---HEAD OFFICEIT liaison"), "01", true): All options with value '01' are selected in object 'Object Repository/OR Summary/Page_CARD, Inc. Computerized Accounting System/select_---Select Item---HEAD OFFICEIT liaison'  using regular expression

2023-07-05 10:03:18 - [MESSAGE][PASSED] - All options with value '01' are selected in object 'Object Repository/OR Summary/Page_CARD, Inc. Computerized Accounting System/select_---Select Item---HEAD OFFICEIT liaison'  using regular expression

2023-07-05 10:03:18 - [TEST_STEP][PASSED] - selectOptionByValue(findTestObject("Object Repository/OR Summary/Page_CARD, Inc. Computerized Accounting System/select_---Select Item---HEAD OFFICE"), "01", true): All options with value '01' are selected in object 'Object Repository/OR Summary/Page_CARD, Inc. Computerized Accounting System/select_---Select Item---HEAD OFFICE'  using regular expression

2023-07-05 10:03:24 - [MESSAGE][PASSED] - All options with value '01' are selected in object 'Object Repository/OR Summary/Page_CARD, Inc. Computerized Accounting System/select_---Select Item---HEAD OFFICE'  using regular expression

2023-07-05 10:03:24 - [TEST_STEP][PASSED] - click(findTestObject("Object Repository/OR Summary/Page_CARD, Inc. Computerized Accounting System/div_End Date")): Object: 'Object Repository/OR Summary/Page_CARD, Inc. Computerized Accounting System/div_End Date' is clicked on

2023-07-05 10:03:26 - [MESSAGE][PASSED] - Object: 'Object Repository/OR Summary/Page_CARD, Inc. Computerized Accounting System/div_End Date' is clicked on

2023-07-05 10:03:26 - [TEST_STEP][PASSED] - click(findTestObject("Object Repository/OR Summary/Page_CARD, Inc. Computerized Accounting System/input_End Date_btnPDFOR")): Object: 'Object Repository/OR Summary/Page_CARD, Inc. Computerized Accounting System/input_End Date_btnPDFOR' is clicked on

2023-07-05 10:03:29 - [MESSAGE][PASSED] - Object: 'Object Repository/OR Summary/Page_CARD, Inc. Computerized Accounting System/input_End Date_btnPDFOR' is clicked on]]></system-out>
         <system-err><![CDATA[]]></system-err>
      </testcase>
      <testcase name="Test Cases/In and Out/Logout" time="3.077" classname="Test Cases/In and Out/Logout" status="PASSED">
         <system-out><![CDATA[2023-07-05 10:03:29 - [TEST_CASE][PASSED] - Test Cases/In and Out/Logout: Test Cases/In and Out/Logout

2023-07-05 10:03:30 - [TEST_STEP][PASSED] - click(findTestObject("Object Repository/Logout/Page_CARD, Inc. Computerized Accounting System/a_Welcome  RILI                        Admi_b75451")): Object: 'Object Repository/Logout/Page_CARD, Inc. Computerized Accounting System/a_Welcome  RILI                        Admi_b75451' is clicked on

2023-07-05 10:03:30 - [MESSAGE][PASSED] - Object: 'Object Repository/Logout/Page_CARD, Inc. Computerized Accounting System/a_Welcome  RILI                        Admi_b75451' is clicked on

2023-07-05 10:03:30 - [TEST_STEP][PASSED] - click(findTestObject("Object Repository/Logout/Page_CARD, Inc. Computerized Accounting System/a_Logout")): Object: 'Object Repository/Logout/Page_CARD, Inc. Computerized Accounting System/a_Logout' is clicked on

2023-07-05 10:03:32 - [MESSAGE][PASSED] - Object: 'Object Repository/Logout/Page_CARD, Inc. Computerized Accounting System/a_Logout' is clicked on]]></system-out>
         <system-err><![CDATA[]]></system-err>
      </testcase>
      <system-out><![CDATA[2023-07-05 10:01:08 - [TEST_SUITE][FAILED] - CAS Report: Test Cases/Book of Account/General Journal FAILED.
Reason:
com.kms.katalon.core.exception.StepFailedException: Unable to click on object 'Object Repository/General Journal/Page_CARD, Inc. Computerized Accounting System/a_General Journal'
	at com.kms.katalon.core.webui.keyword.internal.WebUIKeywordMain.stepFailed(WebUIKeywordMain.groovy:64)
	at com.kms.katalon.core.webui.keyword.internal.WebUIKeywordMain.runKeyword(WebUIKeywordMain.groovy:26)
	at com.kms.katalon.core.webui.keyword.builtin.ClickKeyword.click(ClickKeyword.groovy:74)
	at com.kms.katalon.core.webui.keyword.builtin.ClickKeyword.execute(ClickKeyword.groovy:40)
	at com.kms.katalon.core.keyword.internal.KeywordExecutor.executeKeywordForPlatform(KeywordExecutor.groovy:74)
	at com.kms.katalon.core.webui.keyword.WebUiBuiltInKeywords.click(WebUiBuiltInKeywords.groovy:620)
	at com.kms.katalon.core.webui.keyword.WebUiBuiltInKeywords$click$4.call(Unknown Source)
	at General Journal.run(General Journal:26)
	at com.kms.katalon.core.main.ScriptEngine.run(ScriptEngine.java:194)
	at com.kms.katalon.core.main.ScriptEngine.runScriptAsRawText(ScriptEngine.java:119)
	at com.kms.katalon.core.main.TestCaseExecutor.runScript(TestCaseExecutor.java:448)
	at com.kms.katalon.core.main.TestCaseExecutor.doExecute(TestCaseExecutor.java:439)
	at com.kms.katalon.core.main.TestCaseExecutor.processExecutionPhase(TestCaseExecutor.java:418)
	at com.kms.katalon.core.main.TestCaseExecutor.accessMainPhase(TestCaseExecutor.java:410)
	at com.kms.katalon.core.main.TestCaseExecutor.execute(TestCaseExecutor.java:285)
	at com.kms.katalon.core.common.CommonExecutor.accessTestCaseMainPhase(CommonExecutor.java:65)
	at com.kms.katalon.core.main.TestSuiteExecutor.accessTestSuiteMainPhase(TestSuiteExecutor.java:148)
	at com.kms.katalon.core.main.TestSuiteExecutor.execute(TestSuiteExecutor.java:106)
	at com.kms.katalon.core.main.TestCaseMain.startTestSuite(TestCaseMain.java:187)
	at com.kms.katalon.core.main.TestCaseMain$startTestSuite$0.call(Unknown Source)
	at TempTestSuite1688522466021.run(TempTestSuite1688522466021.groovy:36)
Caused by: org.openqa.selenium.ElementNotInteractableException: element not interactable
  (Session info: chrome=114.0.5735.199)
Build info: version: '3.141.59', revision: 'e82be7d358', time: '2018-11-14T08:25:53'
System info: host: 'CMIT-JRILI', ip: '10.200.54.66', os.name: 'Windows 10', os.arch: 'amd64', os.version: '10.0', java.version: '1.8.0_362'
Driver info: com.kms.katalon.selenium.driver.CChromeDriver
Capabilities {acceptInsecureCerts: false, browserName: chrome, browserVersion: 114.0.5735.199, chrome: {chromedriverVersion: 113.0.5672.24 (65f30d4e8051..., userDataDir: C:\Users\J0DEC~1.RIL\AppDat...}, goog:chromeOptions: {debuggerAddress: localhost:57216}, javascriptEnabled: true, networkConnectionEnabled: false, pageLoadStrategy: normal, platform: WINDOWS, platformName: WINDOWS, proxy: Proxy(), setWindowRect: true, strictFileInteractability: false, timeouts: {implicit: 0, pageLoad: 300000, script: 30000}, unhandledPromptBehavior: dismiss and notify, webauthn:extension:credBlob: true, webauthn:extension:largeBlob: true, webauthn:extension:minPinLength: true, webauthn:extension:prf: true, webauthn:virtualAuthenticators: true}
Session ID: a91ebe9248b3a0db721199e952a097af
	at org.openqa.selenium.remote.http.W3CHttpResponseCodec.createException(W3CHttpResponseCodec.java:187)
	at org.openqa.selenium.remote.http.W3CHttpResponseCodec.decode(W3CHttpResponseCodec.java:122)
	at org.openqa.selenium.remote.http.W3CHttpResponseCodec.decode(W3CHttpResponseCodec.java:49)
	at org.openqa.selenium.remote.HttpCommandExecutor.execute(HttpCommandExecutor.java:158)
	at org.openqa.selenium.remote.service.DriverCommandExecutor.execute(DriverCommandExecutor.java:83)
	at org.openqa.selenium.remote.RemoteWebDriver.execute(RemoteWebDriver.java:552)
	at com.kms.katalon.selenium.driver.CChromeDriver.execute(CChromeDriver.java:19)
	at org.openqa.selenium.remote.RemoteWebElement.execute(RemoteWebElement.java:285)
	at org.openqa.selenium.remote.RemoteWebElement.click(RemoteWebElement.java:84)
	at org.openqa.selenium.support.events.EventFiringWebDriver$EventFiringWebElement.lambda$new$0(EventFiringWebDriver.java:404)
	at com.sun.proxy.$Proxy11.click(Unknown Source)
	at org.openqa.selenium.support.events.EventFiringWebDriver$EventFiringWebElement.click(EventFiringWebDriver.java:417)
	at org.openqa.selenium.WebElement$click.call(Unknown Source)
	at com.kms.katalon.core.webui.keyword.builtin.ClickKeyword.clickUntilSuccessWithTimeout(ClickKeyword.groovy:81)
	at com.kms.katalon.core.webui.keyword.builtin.ClickKeyword.clickUntilSuccessWithTimeout(ClickKeyword.groovy)
	at com.kms.katalon.core.webui.keyword.builtin.ClickKeyword$_click_closure1.doCall(ClickKeyword.groovy:67)
	at com.kms.katalon.core.webui.keyword.builtin.ClickKeyword$_click_closure1.call(ClickKeyword.groovy)
	at com.kms.katalon.core.webui.keyword.internal.WebUIKeywordMain.runKeyword(WebUIKeywordMain.groovy:20)
	... 19 more]]></system-out>
      <system-err><![CDATA[2023-07-05 10:01:08 - [TEST_SUITE][FAILED] - CAS Report: Test Cases/Book of Account/General Journal FAILED.
Reason:
com.kms.katalon.core.exception.StepFailedException: Unable to click on object 'Object Repository/General Journal/Page_CARD, Inc. Computerized Accounting System/a_General Journal'
	at com.kms.katalon.core.webui.keyword.internal.WebUIKeywordMain.stepFailed(WebUIKeywordMain.groovy:64)
	at com.kms.katalon.core.webui.keyword.internal.WebUIKeywordMain.runKeyword(WebUIKeywordMain.groovy:26)
	at com.kms.katalon.core.webui.keyword.builtin.ClickKeyword.click(ClickKeyword.groovy:74)
	at com.kms.katalon.core.webui.keyword.builtin.ClickKeyword.execute(ClickKeyword.groovy:40)
	at com.kms.katalon.core.keyword.internal.KeywordExecutor.executeKeywordForPlatform(KeywordExecutor.groovy:74)
	at com.kms.katalon.core.webui.keyword.WebUiBuiltInKeywords.click(WebUiBuiltInKeywords.groovy:620)
	at com.kms.katalon.core.webui.keyword.WebUiBuiltInKeywords$click$4.call(Unknown Source)
	at General Journal.run(General Journal:26)
	at com.kms.katalon.core.main.ScriptEngine.run(ScriptEngine.java:194)
	at com.kms.katalon.core.main.ScriptEngine.runScriptAsRawText(ScriptEngine.java:119)
	at com.kms.katalon.core.main.TestCaseExecutor.runScript(TestCaseExecutor.java:448)
	at com.kms.katalon.core.main.TestCaseExecutor.doExecute(TestCaseExecutor.java:439)
	at com.kms.katalon.core.main.TestCaseExecutor.processExecutionPhase(TestCaseExecutor.java:418)
	at com.kms.katalon.core.main.TestCaseExecutor.accessMainPhase(TestCaseExecutor.java:410)
	at com.kms.katalon.core.main.TestCaseExecutor.execute(TestCaseExecutor.java:285)
	at com.kms.katalon.core.common.CommonExecutor.accessTestCaseMainPhase(CommonExecutor.java:65)
	at com.kms.katalon.core.main.TestSuiteExecutor.accessTestSuiteMainPhase(TestSuiteExecutor.java:148)
	at com.kms.katalon.core.main.TestSuiteExecutor.execute(TestSuiteExecutor.java:106)
	at com.kms.katalon.core.main.TestCaseMain.startTestSuite(TestCaseMain.java:187)
	at com.kms.katalon.core.main.TestCaseMain$startTestSuite$0.call(Unknown Source)
	at TempTestSuite1688522466021.run(TempTestSuite1688522466021.groovy:36)
Caused by: org.openqa.selenium.ElementNotInteractableException: element not interactable
  (Session info: chrome=114.0.5735.199)
Build info: version: '3.141.59', revision: 'e82be7d358', time: '2018-11-14T08:25:53'
System info: host: 'CMIT-JRILI', ip: '10.200.54.66', os.name: 'Windows 10', os.arch: 'amd64', os.version: '10.0', java.version: '1.8.0_362'
Driver info: com.kms.katalon.selenium.driver.CChromeDriver
Capabilities {acceptInsecureCerts: false, browserName: chrome, browserVersion: 114.0.5735.199, chrome: {chromedriverVersion: 113.0.5672.24 (65f30d4e8051..., userDataDir: C:\Users\J0DEC~1.RIL\AppDat...}, goog:chromeOptions: {debuggerAddress: localhost:57216}, javascriptEnabled: true, networkConnectionEnabled: false, pageLoadStrategy: normal, platform: WINDOWS, platformName: WINDOWS, proxy: Proxy(), setWindowRect: true, strictFileInteractability: false, timeouts: {implicit: 0, pageLoad: 300000, script: 30000}, unhandledPromptBehavior: dismiss and notify, webauthn:extension:credBlob: true, webauthn:extension:largeBlob: true, webauthn:extension:minPinLength: true, webauthn:extension:prf: true, webauthn:virtualAuthenticators: true}
Session ID: a91ebe9248b3a0db721199e952a097af
	at org.openqa.selenium.remote.http.W3CHttpResponseCodec.createException(W3CHttpResponseCodec.java:187)
	at org.openqa.selenium.remote.http.W3CHttpResponseCodec.decode(W3CHttpResponseCodec.java:122)
	at org.openqa.selenium.remote.http.W3CHttpResponseCodec.decode(W3CHttpResponseCodec.java:49)
	at org.openqa.selenium.remote.HttpCommandExecutor.execute(HttpCommandExecutor.java:158)
	at org.openqa.selenium.remote.service.DriverCommandExecutor.execute(DriverCommandExecutor.java:83)
	at org.openqa.selenium.remote.RemoteWebDriver.execute(RemoteWebDriver.java:552)
	at com.kms.katalon.selenium.driver.CChromeDriver.execute(CChromeDriver.java:19)
	at org.openqa.selenium.remote.RemoteWebElement.execute(RemoteWebElement.java:285)
	at org.openqa.selenium.remote.RemoteWebElement.click(RemoteWebElement.java:84)
	at org.openqa.selenium.support.events.EventFiringWebDriver$EventFiringWebElement.lambda$new$0(EventFiringWebDriver.java:404)
	at com.sun.proxy.$Proxy11.click(Unknown Source)
	at org.openqa.selenium.support.events.EventFiringWebDriver$EventFiringWebElement.click(EventFiringWebDriver.java:417)
	at org.openqa.selenium.WebElement$click.call(Unknown Source)
	at com.kms.katalon.core.webui.keyword.builtin.ClickKeyword.clickUntilSuccessWithTimeout(ClickKeyword.groovy:81)
	at com.kms.katalon.core.webui.keyword.builtin.ClickKeyword.clickUntilSuccessWithTimeout(ClickKeyword.groovy)
	at com.kms.katalon.core.webui.keyword.builtin.ClickKeyword$_click_closure1.doCall(ClickKeyword.groovy:67)
	at com.kms.katalon.core.webui.keyword.builtin.ClickKeyword$_click_closure1.call(ClickKeyword.groovy)
	at com.kms.katalon.core.webui.keyword.internal.WebUIKeywordMain.runKeyword(WebUIKeywordMain.groovy:20)
	... 19 more]]></system-err>
   </testsuite>
</testsuites>
